<?xml version="1.0" encoding="UTF-8"?>
<!-- Generated by org.testng.reporters.JUnitXMLReporter -->
<testsuite ignored="0" hostname="LAPTOP-86GSSEA6" failures="0" tests="4" name="Test" time="27.134" errors="0" timestamp="2025-08-19T14:42:33 IST">
  <testcase classname="pac1.Lab8_4_Selenium" name="f" time="3.205"/>
  <testcase classname="pac1.Lab8_4_Selenium" name="f" time="3.149"/>
  <testcase classname="pac1.Lab8_3_Selenium" name="f" time="4.834"/>
  <testcase classname="pac1.Lab8_3_Selenium" name="f" time="4.684"/>
</testsuite> <!-- Test -->
