<?xml version="1.0" encoding="UTF-8"?>
<!-- Generated by org.testng.reporters.JUnitXMLReporter -->
<testsuite ignored="0" hostname="LAPTOP-86GSSEA6" failures="0" tests="9" name="Test" time="52.898" errors="0" timestamp="2025-08-29T14:36:10 IST">
  <testcase classname="Questions.Q2" name="loginTest" time="6.536"/>
  <testcase classname="Questions.Q3" name="f" time="12.239"/>
  <testcase classname="Questions.Q4" name="selectOption" time="0.244"/>
  <testcase classname="Questions.Q5" name="handleAlert" time="4.2"/>
  <testcase classname="Questions.Q1" name="openGoogle" time="1.244"/>
  <testcase classname="Questions.Q6" name="selectCheckboxes" time="4.246"/>
  <testcase classname="Questions.Q7" name="extractTableData" time="4.569"/>
  <testcase classname="Questions.Q8" name="handleWindows" time="4.71"/>
  <testcase classname="Questions.Q9" name="takeScreenshot" time="1.605"/>
</testsuite> <!-- Test -->
