<?xml version="1.0" encoding="UTF-8"?>
<!-- Generated by org.testng.reporters.JUnitXMLReporter -->
<testsuite ignored="0" hostname="LAPTOP-86GSSEA6" failures="0" tests="9" name="Test" time="57.554" errors="0" timestamp="2025-08-29T14:42:16 IST">
  <testcase classname="Questions.Q2" name="loginTest" time="8.518"/>
  <testcase classname="Questions.Q3" name="f" time="12.592"/>
  <testcase classname="Questions.Q4" name="selectOption" time="0.325"/>
  <testcase classname="Questions.Q5" name="handleAlert" time="4.233"/>
  <testcase classname="Questions.Q1" name="openGoogle" time="1.071"/>
  <testcase classname="Questions.Q6" name="selectCheckboxes" time="4.288"/>
  <testcase classname="Questions.Q7" name="extractTableData" time="4.893"/>
  <testcase classname="Questions.Q8" name="handleWindows" time="3.896"/>
  <testcase classname="Questions.Q9" name="takeScreenshot" time="1.746"/>
</testsuite> <!-- Test -->
